

Microchip MPLAB XC8 Assembler V2.31 build 20201012212115 
                                                                                               Mon Mar 08 12:08:03 2021

Microchip MPLAB XC8 C Compiler v2.31 (Free license) build 20201012212115 Og1 
     1                           	processor	18F27Q43
     2                           	fnconf	rparam,??,?,0
     3                           	pagewidth 120
     4                           	opt	flic
     5                           	psect	idataCOMRAM,global,class=CODE,delta=1,noexec
     6                           	psect	cinit,global,reloc=2,class=CODE,delta=1
     7                           	psect	bssCOMRAM,global,class=COMRAM,space=1,delta=1,lowdata,noexec
     8                           	psect	dataCOMRAM,global,class=COMRAM,space=1,delta=1,lowdata,noexec
     9                           	psect	cstackCOMRAM,global,class=COMRAM,space=1,delta=1,lowdata,noexec
    10                           	psect	text0,global,reloc=2,class=CODE,delta=1
    11                           	psect	text1,global,reloc=2,class=CODE,delta=1
    12                           	psect	text2,global,reloc=2,class=CODE,delta=1,group=1
    13                           	psect	text3,global,reloc=2,class=CODE,delta=1
    14                           	psect	text4,global,reloc=2,class=CODE,delta=1
    15                           	psect	text5,global,reloc=2,class=CODE,delta=1
    16                           	psect	text6,global,reloc=2,class=CODE,delta=1
    17                           	psect	text7,global,reloc=2,class=CODE,delta=1
    18                           	psect	intsave_regs,global,class=BIGRAM,space=1,delta=1,noexec
    19                           	psect	rparam,global,class=COMRAM,space=1,delta=1,noexec
    20                           	psect	idloc,global,abs,ovrld,class=IDLOC,space=5,delta=1,noexec
    21                           	psect	config,global,abs,ovrld,class=CONFIG,space=4,delta=1,noexec
    22  0000                     
    23                           ; Version 2.30
    24                           ; Generated 20/08/2020 GMT
    25                           ; 
    26                           ; Copyright © 2020, Microchip Technology Inc. and its subsidiaries ("Microchip")
    27                           ; All rights reserved.
    28                           ; 
    29                           ; This software is developed by Microchip Technology Inc. and its subsidiaries ("Microch
      +                          ip").
    30                           ; 
    31                           ; Redistribution and use in source and binary forms, with or without modification, are
    32                           ; permitted provided that the following conditions are met:
    33                           ; 
    34                           ;     1. Redistributions of source code must retain the above copyright notice, this lis
      +                          t of
    35                           ;        conditions and the following disclaimer.
    36                           ; 
    37                           ;     2. Redistributions in binary form must reproduce the above copyright notice, this 
      +                          list
    38                           ;        of conditions and the following disclaimer in the documentation and/or other
    39                           ;        materials provided with the distribution. Publication is not required when
    40                           ;        this file is used in an embedded application.
    41                           ; 
    42                           ;     3. Microchip's name may not be used to endorse or promote products derived from th
      +                          is
    43                           ;        software without specific prior written permission.
    44                           ; 
    45                           ; THIS SOFTWARE IS PROVIDED BY MICROCHIP "AS IS" AND ANY EXPRESS OR IMPLIED WARRANTIES,
    46                           ; INCLUDING, BUT NOT LIMITED TO, THE IMPLIED WARRANTIES OF MERCHANTABILITY AND FITNESS F
      +                          OR
    47                           ; PURPOSE ARE DISCLAIMED.  IN NO EVENT SHALL MICROCHIP BE LIABLE FOR ANY DIRECT, INDIREC
      +                          T,
    48                           ; INCIDENTAL, SPECIAL, EXEMPLARY, OR CONSEQUENTIAL DAMAGES (INCLUDING BUT NOT LIMITED TO
    49                           ; PROCUREMENT OF SUBSTITUTE GOODS OR SERVICES; LOSS OF USE, DATA OR PROFITS; OR BUSINESS
    50                           ; INTERRUPTION) HOWSOEVER CAUSED AND ON ANY THEORY OF LIABILITY, WHETHER IN CONTRACT, ST
      +                          RICT
    51                           ; LIABILITY, OR TORT (INCLUDING NEGLIGENCE OR OTHERWISE) ARISING IN ANY WAY OUT OF THE U
      +                          SE OF
    52                           ; THIS SOFTWARE, EVEN IF ADVISED OF THE POSSIBILITY OF SUCH DAMAGE.
    53                           ; 
    54                           ; 
    55                           ; Code-generator required, PIC18F27Q43 Definitions
    56                           ; 
    57                           ; SFR Addresses
    58  0000                     
    59                           	psect	idataCOMRAM
    60  01FE83                     __pidataCOMRAM:
    61                           	callstack 0
    62                           
    63                           ;initializer for UserAppRun@u8Add
    64  01FE83  01                 	db	1
    65  0000                     _DAC1DATL	set	125
    66  0000                     _DAC1CON	set	127
    67  0000                     _T0CON1	set	795
    68  0000                     _TMR0L	set	792
    69  0000                     _TMR0H	set	793
    70  0000                     _T0CON0	set	794
    71  0000                     _ANSELA	set	1024
    72  0000                     _PIR3	set	1201
    73  0000                     _LATA	set	1214
    74  0000                     _TRISA	set	1222
    75                           
    76                           ; #config settings
    77                           
    78                           	psect	cinit
    79  01FEF2                     __pcinit:
    80                           	callstack 0
    81  01FEF2                     start_initialization:
    82                           	callstack 0
    83  01FEF2                     __initialization:
    84                           	callstack 0
    85                           
    86                           ; Initialize objects allocated to COMRAM (1 bytes)
    87                           ; load TBLPTR registers with __pidataCOMRAM
    88  01FEF2  0E83               	movlw	low __pidataCOMRAM
    89  01FEF4  6EF6               	movwf	tblptrl,c
    90  01FEF6  0EFE               	movlw	high __pidataCOMRAM
    91  01FEF8  6EF7               	movwf	tblptrh,c
    92  01FEFA  0E01               	movlw	low (__pidataCOMRAM shr (0+16))
    93  01FEFC  6EF8               	movwf	tblptru,c
    94  01FEFE  0009               	tblrd		*+	;fetch initializer
    95  01FF00  0061 F3D4  F514    	movff	tablat,__pdataCOMRAM
    96                           
    97                           ; Clear objects allocated to COMRAM (13 bytes)
    98  01FF06  EE01  F101         	lfsr	0,__pbssCOMRAM
    99  01FF0A  0E0D               	movlw	13
   100  01FF0C                     clear_0:
   101  01FF0C  6AEE               	clrf	postinc0,c
   102  01FF0E  06E8               	decf	wreg,f,c
   103  01FF10  E1FD               	bnz	clear_0
   104  01FF12                     end_of_initialization:
   105                           	callstack 0
   106  01FF12                     __end_of__initialization:
   107                           	callstack 0
   108  01FF12  0100               	movlb	0
   109  01FF14  EF66  F0FF         	goto	_main	;jump to C main() function
   110                           
   111                           	psect	bssCOMRAM
   112  000501                     __pbssCOMRAM:
   113                           	callstack 0
   114  000501                     _G_u32SystemFlags:
   115                           	callstack 0
   116  000501                     	ds	4
   117  000505                     _G_u32SystemTime1s:
   118                           	callstack 0
   119  000505                     	ds	4
   120  000509                     _G_u32SystemTime1ms:
   121                           	callstack 0
   122  000509                     	ds	4
   123  00050D                     _G_u8UserAppFlags:
   124                           	callstack 0
   125  00050D                     	ds	1
   126                           
   127                           	psect	dataCOMRAM
   128  000514                     __pdataCOMRAM:
   129                           	callstack 0
   130  000514                     UserAppRun@u8Add:
   131                           	callstack 0
   132  000514                     	ds	1
   133                           
   134                           	psect	cstackCOMRAM
   135  00050E                     __pcstackCOMRAM:
   136                           	callstack 0
   137  00050E                     ?___awmod:
   138                           	callstack 0
   139  00050E                     ___awmod@dividend:
   140                           	callstack 0
   141                           
   142                           ; 2 bytes @ 0x0
   143  00050E                     	ds	2
   144  000510                     ___awmod@divisor:
   145                           	callstack 0
   146                           
   147                           ; 2 bytes @ 0x2
   148  000510                     	ds	2
   149  000512                     ___awmod@counter:
   150                           	callstack 0
   151                           
   152                           ; 1 bytes @ 0x4
   153  000512                     	ds	1
   154  000513                     ___awmod@sign:
   155                           	callstack 0
   156                           
   157                           ; 1 bytes @ 0x5
   158  000513                     	ds	1
   159  000514                     
   160                           ; 1 bytes @ 0x6
   161 ;;
   162 ;;Main: autosize = 0, tempsize = 0, incstack = 0, save=0
   163 ;;
   164 ;; *************** function _main *****************
   165 ;; Defined at:
   166 ;;		line 35 in file "main.c"
   167 ;; Parameters:    Size  Location     Type
   168 ;;		None
   169 ;; Auto vars:     Size  Location     Type
   170 ;;		None
   171 ;; Return value:  Size  Location     Type
   172 ;;                  1    wreg      void 
   173 ;; Registers used:
   174 ;;		wreg, status,2, status,0, prodl, prodh, cstack
   175 ;; Tracked objects:
   176 ;;		On entry : 0/0
   177 ;;		On exit  : 0/0
   178 ;;		Unchanged: 0/0
   179 ;; Data sizes:     COMRAM   BANK5   BANK6   BANK7   BANK8   BANK9  BANK10  BANK11  BANK12  BANK13  BANK14  BANK15  BANK1
      +6  BANK17  BANK18  BANK19  BANK20  BANK21  BANK22  BANK23  BANK24  BANK25  BANK26  BANK27  BANK28  BANK29  BANK30  BANK3
      +1  BANK32  BANK33  BANK34  BANK35  BANK36  BANK37
   180 ;;      Params:         0       0       0       0       0       0       0       0       0       0       0       0       
      +0       0       0       0       0       0       0       0       0       0       0       0       0       0       0       
      +0       0       0       0       0       0       0
   181 ;;      Locals:         0       0       0       0       0       0       0       0       0       0       0       0       
      +0       0       0       0       0       0       0       0       0       0       0       0       0       0       0       
      +0       0       0       0       0       0       0
   182 ;;      Temps:          0       0       0       0       0       0       0       0       0       0       0       0       
      +0       0       0       0       0       0       0       0       0       0       0       0       0       0       0       
      +0       0       0       0       0       0       0
   183 ;;      Totals:         0       0       0       0       0       0       0       0       0       0       0       0       
      +0       0       0       0       0       0       0       0       0       0       0       0       0       0       0       
      +0       0       0       0       0       0       0
   184 ;;Total ram usage:        0 bytes
   185 ;; Hardware stack levels required when called:    2
   186 ;; This function calls:
   187 ;;		_ClockSetup
   188 ;;		_GpioSetup
   189 ;;		_SysTickSetup
   190 ;;		_SystemSleep
   191 ;;		_UserAppInitialize
   192 ;;		_UserAppRun
   193 ;; This function is called by:
   194 ;;		Startup code after reset
   195 ;; This function uses a non-reentrant model
   196 ;;
   197                           
   198                           	psect	text0
   199  01FECC                     __ptext0:
   200                           	callstack 0
   201  01FECC                     _main:
   202                           	callstack 126
   203  01FECC                     
   204                           ;main.c: 37:   G_u32SystemFlags |= (u32)0x80000000;
   205  01FECC  8E04               	bsf	(_G_u32SystemFlags+3)^(0+1280),7,c	;volatile
   206  01FECE                     
   207                           ;main.c: 40:   ClockSetup();
   208  01FECE  EC42  F0FF         	call	_ClockSetup	;wreg free
   209  01FED2                     
   210                           ;main.c: 41:   SysTickSetup();
   211  01FED2  EC55  F0FF         	call	_SysTickSetup	;wreg free
   212  01FED6                     
   213                           ;main.c: 42:   GpioSetup();
   214  01FED6  EC4A  F0FF         	call	_GpioSetup	;wreg free
   215  01FEDA                     
   216                           ;main.c: 47:   UserAppInitialize();
   217  01FEDA  EC44  F0FF         	call	_UserAppInitialize	;wreg free
   218  01FEDE                     l880:
   219                           
   220                           ;main.c: 53:   {;main.c: 57:     UserAppRun();
   221  01FEDE  EC8C  F0FF         	call	_UserAppRun	;wreg free
   222  01FEE2                     
   223                           ;main.c: 61:     (LATA &= 0x7F);
   224  01FEE2  9EBE               	bcf	190,7,c	;volatile
   225  01FEE4                     
   226                           ;main.c: 62:     SystemSleep();
   227  01FEE4  EC43  F0FF         	call	_SystemSleep	;wreg free
   228  01FEE8                     
   229                           ;main.c: 65:     (LATA |= 0x80);
   230  01FEE8  8EBE               	bsf	190,7,c	;volatile
   231  01FEEA  EF6F  F0FF         	goto	l880
   232  01FEEE  EFFE  F0FF         	goto	start
   233  01FEF2                     __end_of_main:
   234                           	callstack 0
   235                           
   236 ;; *************** function _UserAppRun *****************
   237 ;; Defined at:
   238 ;;		line 125 in file "user_app.c"
   239 ;; Parameters:    Size  Location     Type
   240 ;;		None
   241 ;; Auto vars:     Size  Location     Type
   242 ;;		None
   243 ;; Return value:  Size  Location     Type
   244 ;;                  1    wreg      void 
   245 ;; Registers used:
   246 ;;		wreg, status,2, status,0, prodl, prodh, cstack
   247 ;; Tracked objects:
   248 ;;		On entry : 0/0
   249 ;;		On exit  : 0/0
   250 ;;		Unchanged: 0/0
   251 ;; Data sizes:     COMRAM   BANK5   BANK6   BANK7   BANK8   BANK9  BANK10  BANK11  BANK12  BANK13  BANK14  BANK15  BANK1
      +6  BANK17  BANK18  BANK19  BANK20  BANK21  BANK22  BANK23  BANK24  BANK25  BANK26  BANK27  BANK28  BANK29  BANK30  BANK3
      +1  BANK32  BANK33  BANK34  BANK35  BANK36  BANK37
   252 ;;      Params:         0       0       0       0       0       0       0       0       0       0       0       0       
      +0       0       0       0       0       0       0       0       0       0       0       0       0       0       0       
      +0       0       0       0       0       0       0
   253 ;;      Locals:         0       0       0       0       0       0       0       0       0       0       0       0       
      +0       0       0       0       0       0       0       0       0       0       0       0       0       0       0       
      +0       0       0       0       0       0       0
   254 ;;      Temps:          0       0       0       0       0       0       0       0       0       0       0       0       
      +0       0       0       0       0       0       0       0       0       0       0       0       0       0       0       
      +0       0       0       0       0       0       0
   255 ;;      Totals:         0       0       0       0       0       0       0       0       0       0       0       0       
      +0       0       0       0       0       0       0       0       0       0       0       0       0       0       0       
      +0       0       0       0       0       0       0
   256 ;;Total ram usage:        0 bytes
   257 ;; Hardware stack levels used:    1
   258 ;; Hardware stack levels required when called:    1
   259 ;; This function calls:
   260 ;;		___awmod
   261 ;; This function is called by:
   262 ;;		_main
   263 ;; This function uses a non-reentrant model
   264 ;;
   265                           
   266                           	psect	text1
   267  01FF18                     __ptext1:
   268                           	callstack 0
   269  01FF18                     _UserAppRun:
   270                           	callstack 126
   271  01FF18                     
   272                           ;user_app.c: 127:     static u8 u8Add = 1;;user_app.c: 129:     DAC1DATL += u8Add;
   273  01FF18  5014               	movf	UserAppRun@u8Add^(0+1280),w,c	;volatile
   274  01FF1A  0100               	movlb	0	; () banked
   275  01FF1C  277D               	addwf	125,f,b	;volatile
   276  01FF1E                     
   277                           ; BSR set to: 0
   278                           ;user_app.c: 131:     if (DAC1DATL % 255 == 0)
   279  01FF1E  0060 F1F4  F50E    	movff	125,___awmod@dividend	;volatile
   280  01FF24  6A0F               	clrf	(___awmod@dividend+1)^(0+1280),c
   281  01FF26  0E00               	movlw	0
   282  01FF28  6E11               	movwf	(___awmod@divisor+1)^(0+1280),c
   283  01FF2A  6810               	setf	___awmod@divisor^(0+1280),c
   284  01FF2C  ECA6  F0FF         	call	___awmod	;wreg free
   285  01FF30  500E               	movf	?___awmod^(0+1280),w,c
   286  01FF32  100F               	iorwf	(?___awmod+1)^(0+1280),w,c
   287  01FF34  A4D8               	btfss	status,2,c
   288  01FF36  EF9F  F0FF         	goto	u141
   289  01FF3A  EFA1  F0FF         	goto	u140
   290  01FF3E                     u141:
   291  01FF3E  EFA5  F0FF         	goto	l78
   292  01FF42                     u140:
   293  01FF42                     
   294                           ;user_app.c: 132:     {;user_app.c: 133:         u8Add *= -1;
   295  01FF42  0EFF               	movlw	255
   296  01FF44  0214               	mulwf	UserAppRun@u8Add^(0+1280),c
   297  01FF46  50F3               	movf	prodl,w,c
   298  01FF48  6E14               	movwf	UserAppRun@u8Add^(0+1280),c
   299  01FF4A                     l78:
   300  01FF4A  0012               	return		;funcret
   301  01FF4C                     __end_of_UserAppRun:
   302                           	callstack 0
   303                           
   304 ;; *************** function ___awmod *****************
   305 ;; Defined at:
   306 ;;		line 7 in file "C:\Program Files\Microchip\xc8\v2_31\pic\sources\c99\common\awmod.c"
   307 ;; Parameters:    Size  Location     Type
   308 ;;  dividend        2    0[COMRAM] int 
   309 ;;  divisor         2    2[COMRAM] int 
   310 ;; Auto vars:     Size  Location     Type
   311 ;;  sign            1    5[COMRAM] unsigned char 
   312 ;;  counter         1    4[COMRAM] unsigned char 
   313 ;; Return value:  Size  Location     Type
   314 ;;                  2    0[COMRAM] int 
   315 ;; Registers used:
   316 ;;		wreg, status,2, status,0
   317 ;; Tracked objects:
   318 ;;		On entry : 0/0
   319 ;;		On exit  : 0/0
   320 ;;		Unchanged: 0/0
   321 ;; Data sizes:     COMRAM   BANK5   BANK6   BANK7   BANK8   BANK9  BANK10  BANK11  BANK12  BANK13  BANK14  BANK15  BANK1
      +6  BANK17  BANK18  BANK19  BANK20  BANK21  BANK22  BANK23  BANK24  BANK25  BANK26  BANK27  BANK28  BANK29  BANK30  BANK3
      +1  BANK32  BANK33  BANK34  BANK35  BANK36  BANK37
   322 ;;      Params:         4       0       0       0       0       0       0       0       0       0       0       0       
      +0       0       0       0       0       0       0       0       0       0       0       0       0       0       0       
      +0       0       0       0       0       0       0
   323 ;;      Locals:         2       0       0       0       0       0       0       0       0       0       0       0       
      +0       0       0       0       0       0       0       0       0       0       0       0       0       0       0       
      +0       0       0       0       0       0       0
   324 ;;      Temps:          0       0       0       0       0       0       0       0       0       0       0       0       
      +0       0       0       0       0       0       0       0       0       0       0       0       0       0       0       
      +0       0       0       0       0       0       0
   325 ;;      Totals:         6       0       0       0       0       0       0       0       0       0       0       0       
      +0       0       0       0       0       0       0       0       0       0       0       0       0       0       0       
      +0       0       0       0       0       0       0
   326 ;;Total ram usage:        6 bytes
   327 ;; Hardware stack levels used:    1
   328 ;; This function calls:
   329 ;;		Nothing
   330 ;; This function is called by:
   331 ;;		_UserAppRun
   332 ;; This function uses a non-reentrant model
   333 ;;
   334                           
   335                           	psect	text2
   336  01FF4C                     __ptext2:
   337                           	callstack 0
   338  01FF4C                     ___awmod:
   339                           	callstack 126
   340  01FF4C  0E00               	movlw	0
   341  01FF4E  6E13               	movwf	___awmod@sign^(0+1280),c
   342  01FF50  BE0F               	btfsc	(___awmod@dividend+1)^(0+1280),7,c
   343  01FF52  EFAF  F0FF         	goto	u80
   344  01FF56  EFAD  F0FF         	goto	u81
   345  01FF5A                     u81:
   346  01FF5A  EFB5  F0FF         	goto	l834
   347  01FF5E                     u80:
   348  01FF5E  6C0E               	negf	___awmod@dividend^(0+1280),c
   349  01FF60  1E0F               	comf	(___awmod@dividend+1)^(0+1280),f,c
   350  01FF62  B0D8               	btfsc	status,0,c
   351  01FF64  2A0F               	incf	(___awmod@dividend+1)^(0+1280),f,c
   352  01FF66  0E01               	movlw	1
   353  01FF68  6E13               	movwf	___awmod@sign^(0+1280),c
   354  01FF6A                     l834:
   355  01FF6A  BE11               	btfsc	(___awmod@divisor+1)^(0+1280),7,c
   356  01FF6C  EFBC  F0FF         	goto	u90
   357  01FF70  EFBA  F0FF         	goto	u91
   358  01FF74                     u91:
   359  01FF74  EFC0  F0FF         	goto	l838
   360  01FF78                     u90:
   361  01FF78  6C10               	negf	___awmod@divisor^(0+1280),c
   362  01FF7A  1E11               	comf	(___awmod@divisor+1)^(0+1280),f,c
   363  01FF7C  B0D8               	btfsc	status,0,c
   364  01FF7E  2A11               	incf	(___awmod@divisor+1)^(0+1280),f,c
   365  01FF80                     l838:
   366  01FF80  5010               	movf	___awmod@divisor^(0+1280),w,c
   367  01FF82  1011               	iorwf	(___awmod@divisor+1)^(0+1280),w,c
   368  01FF84  B4D8               	btfsc	status,2,c
   369  01FF86  EFC7  F0FF         	goto	u101
   370  01FF8A  EFC9  F0FF         	goto	u100
   371  01FF8E                     u101:
   372  01FF8E  EFED  F0FF         	goto	l854
   373  01FF92                     u100:
   374  01FF92  0E01               	movlw	1
   375  01FF94  6E12               	movwf	___awmod@counter^(0+1280),c
   376  01FF96  EFD1  F0FF         	goto	l844
   377  01FF9A                     l842:
   378  01FF9A  90D8               	bcf	status,0,c
   379  01FF9C  3610               	rlcf	___awmod@divisor^(0+1280),f,c
   380  01FF9E  3611               	rlcf	(___awmod@divisor+1)^(0+1280),f,c
   381  01FFA0  2A12               	incf	___awmod@counter^(0+1280),f,c
   382  01FFA2                     l844:
   383  01FFA2  AE11               	btfss	(___awmod@divisor+1)^(0+1280),7,c
   384  01FFA4  EFD6  F0FF         	goto	u111
   385  01FFA8  EFD8  F0FF         	goto	u110
   386  01FFAC                     u111:
   387  01FFAC  EFCD  F0FF         	goto	l842
   388  01FFB0                     u110:
   389  01FFB0                     l846:
   390  01FFB0  5010               	movf	___awmod@divisor^(0+1280),w,c
   391  01FFB2  5C0E               	subwf	___awmod@dividend^(0+1280),w,c
   392  01FFB4  5011               	movf	(___awmod@divisor+1)^(0+1280),w,c
   393  01FFB6  580F               	subwfb	(___awmod@dividend+1)^(0+1280),w,c
   394  01FFB8  A0D8               	btfss	status,0,c
   395  01FFBA  EFE1  F0FF         	goto	u121
   396  01FFBE  EFE3  F0FF         	goto	u120
   397  01FFC2                     u121:
   398  01FFC2  EFE7  F0FF         	goto	l850
   399  01FFC6                     u120:
   400  01FFC6  5010               	movf	___awmod@divisor^(0+1280),w,c
   401  01FFC8  5E0E               	subwf	___awmod@dividend^(0+1280),f,c
   402  01FFCA  5011               	movf	(___awmod@divisor+1)^(0+1280),w,c
   403  01FFCC  5A0F               	subwfb	(___awmod@dividend+1)^(0+1280),f,c
   404  01FFCE                     l850:
   405  01FFCE  90D8               	bcf	status,0,c
   406  01FFD0  3211               	rrcf	(___awmod@divisor+1)^(0+1280),f,c
   407  01FFD2  3210               	rrcf	___awmod@divisor^(0+1280),f,c
   408  01FFD4  2E12               	decfsz	___awmod@counter^(0+1280),f,c
   409  01FFD6  EFD8  F0FF         	goto	l846
   410  01FFDA                     l854:
   411  01FFDA  5013               	movf	___awmod@sign^(0+1280),w,c
   412  01FFDC  B4D8               	btfsc	status,2,c
   413  01FFDE  EFF3  F0FF         	goto	u131
   414  01FFE2  EFF5  F0FF         	goto	u130
   415  01FFE6                     u131:
   416  01FFE6  EFF9  F0FF         	goto	l858
   417  01FFEA                     u130:
   418  01FFEA  6C0E               	negf	___awmod@dividend^(0+1280),c
   419  01FFEC  1E0F               	comf	(___awmod@dividend+1)^(0+1280),f,c
   420  01FFEE  B0D8               	btfsc	status,0,c
   421  01FFF0  2A0F               	incf	(___awmod@dividend+1)^(0+1280),f,c
   422  01FFF2                     l858:
   423  01FFF2  C50E  F50E         	movff	___awmod@dividend,?___awmod
   424  01FFF6  C50F  F50F         	movff	___awmod@dividend+1,?___awmod+1
   425  01FFFA  0012               	return		;funcret
   426  01FFFC                     __end_of___awmod:
   427                           	callstack 0
   428                           
   429 ;; *************** function _UserAppInitialize *****************
   430 ;; Defined at:
   431 ;;		line 104 in file "user_app.c"
   432 ;; Parameters:    Size  Location     Type
   433 ;;		None
   434 ;; Auto vars:     Size  Location     Type
   435 ;;		None
   436 ;; Return value:  Size  Location     Type
   437 ;;                  1    wreg      void 
   438 ;; Registers used:
   439 ;;		wreg, status,2
   440 ;; Tracked objects:
   441 ;;		On entry : 0/0
   442 ;;		On exit  : 0/0
   443 ;;		Unchanged: 0/0
   444 ;; Data sizes:     COMRAM   BANK5   BANK6   BANK7   BANK8   BANK9  BANK10  BANK11  BANK12  BANK13  BANK14  BANK15  BANK1
      +6  BANK17  BANK18  BANK19  BANK20  BANK21  BANK22  BANK23  BANK24  BANK25  BANK26  BANK27  BANK28  BANK29  BANK30  BANK3
      +1  BANK32  BANK33  BANK34  BANK35  BANK36  BANK37
   445 ;;      Params:         0       0       0       0       0       0       0       0       0       0       0       0       
      +0       0       0       0       0       0       0       0       0       0       0       0       0       0       0       
      +0       0       0       0       0       0       0
   446 ;;      Locals:         0       0       0       0       0       0       0       0       0       0       0       0       
      +0       0       0       0       0       0       0       0       0       0       0       0       0       0       0       
      +0       0       0       0       0       0       0
   447 ;;      Temps:          0       0       0       0       0       0       0       0       0       0       0       0       
      +0       0       0       0       0       0       0       0       0       0       0       0       0       0       0       
      +0       0       0       0       0       0       0
   448 ;;      Totals:         0       0       0       0       0       0       0       0       0       0       0       0       
      +0       0       0       0       0       0       0       0       0       0       0       0       0       0       0       
      +0       0       0       0       0       0       0
   449 ;;Total ram usage:        0 bytes
   450 ;; Hardware stack levels used:    1
   451 ;; This function calls:
   452 ;;		Nothing
   453 ;; This function is called by:
   454 ;;		_main
   455 ;; This function uses a non-reentrant model
   456 ;;
   457                           
   458                           	psect	text3
   459  01FE88                     __ptext3:
   460                           	callstack 0
   461  01FE88                     _UserAppInitialize:
   462                           	callstack 127
   463  01FE88                     
   464                           ;user_app.c: 107:     T0CON0 = 0x90;
   465  01FE88  0E90               	movlw	144
   466  01FE8A  0103               	movlb	3	; () banked
   467  01FE8C  6F1A               	movwf	26,b	;volatile
   468                           
   469                           ;user_app.c: 108:     T0CON1 = 0x54;
   470  01FE8E  0E54               	movlw	84
   471  01FE90  6F1B               	movwf	27,b	;volatile
   472  01FE92                     
   473                           ; BSR set to: 3
   474  01FE92  0012               	return		;funcret
   475  01FE94                     __end_of_UserAppInitialize:
   476                           	callstack 0
   477                           
   478 ;; *************** function _SystemSleep *****************
   479 ;; Defined at:
   480 ;;		line 136 in file "encm369_pic18.c"
   481 ;; Parameters:    Size  Location     Type
   482 ;;		None
   483 ;; Auto vars:     Size  Location     Type
   484 ;;		None
   485 ;; Return value:  Size  Location     Type
   486 ;;                  1    wreg      void 
   487 ;; Registers used:
   488 ;;		None
   489 ;; Tracked objects:
   490 ;;		On entry : 0/0
   491 ;;		On exit  : 0/0
   492 ;;		Unchanged: 0/0
   493 ;; Data sizes:     COMRAM   BANK5   BANK6   BANK7   BANK8   BANK9  BANK10  BANK11  BANK12  BANK13  BANK14  BANK15  BANK1
      +6  BANK17  BANK18  BANK19  BANK20  BANK21  BANK22  BANK23  BANK24  BANK25  BANK26  BANK27  BANK28  BANK29  BANK30  BANK3
      +1  BANK32  BANK33  BANK34  BANK35  BANK36  BANK37
   494 ;;      Params:         0       0       0       0       0       0       0       0       0       0       0       0       
      +0       0       0       0       0       0       0       0       0       0       0       0       0       0       0       
      +0       0       0       0       0       0       0
   495 ;;      Locals:         0       0       0       0       0       0       0       0       0       0       0       0       
      +0       0       0       0       0       0       0       0       0       0       0       0       0       0       0       
      +0       0       0       0       0       0       0
   496 ;;      Temps:          0       0       0       0       0       0       0       0       0       0       0       0       
      +0       0       0       0       0       0       0       0       0       0       0       0       0       0       0       
      +0       0       0       0       0       0       0
   497 ;;      Totals:         0       0       0       0       0       0       0       0       0       0       0       0       
      +0       0       0       0       0       0       0       0       0       0       0       0       0       0       0       
      +0       0       0       0       0       0       0
   498 ;;Total ram usage:        0 bytes
   499 ;; Hardware stack levels used:    1
   500 ;; This function calls:
   501 ;;		Nothing
   502 ;; This function is called by:
   503 ;;		_main
   504 ;; This function uses a non-reentrant model
   505 ;;
   506                           
   507                           	psect	text4
   508  01FE86                     __ptext4:
   509                           	callstack 0
   510  01FE86                     _SystemSleep:
   511                           	callstack 127
   512  01FE86  0012               	return		;funcret
   513  01FE88                     __end_of_SystemSleep:
   514                           	callstack 0
   515                           
   516 ;; *************** function _SysTickSetup *****************
   517 ;; Defined at:
   518 ;;		line 114 in file "encm369_pic18.c"
   519 ;; Parameters:    Size  Location     Type
   520 ;;		None
   521 ;; Auto vars:     Size  Location     Type
   522 ;;		None
   523 ;; Return value:  Size  Location     Type
   524 ;;                  1    wreg      void 
   525 ;; Registers used:
   526 ;;		wreg, status,2
   527 ;; Tracked objects:
   528 ;;		On entry : 0/0
   529 ;;		On exit  : 0/0
   530 ;;		Unchanged: 0/0
   531 ;; Data sizes:     COMRAM   BANK5   BANK6   BANK7   BANK8   BANK9  BANK10  BANK11  BANK12  BANK13  BANK14  BANK15  BANK1
      +6  BANK17  BANK18  BANK19  BANK20  BANK21  BANK22  BANK23  BANK24  BANK25  BANK26  BANK27  BANK28  BANK29  BANK30  BANK3
      +1  BANK32  BANK33  BANK34  BANK35  BANK36  BANK37
   532 ;;      Params:         0       0       0       0       0       0       0       0       0       0       0       0       
      +0       0       0       0       0       0       0       0       0       0       0       0       0       0       0       
      +0       0       0       0       0       0       0
   533 ;;      Locals:         0       0       0       0       0       0       0       0       0       0       0       0       
      +0       0       0       0       0       0       0       0       0       0       0       0       0       0       0       
      +0       0       0       0       0       0       0
   534 ;;      Temps:          0       0       0       0       0       0       0       0       0       0       0       0       
      +0       0       0       0       0       0       0       0       0       0       0       0       0       0       0       
      +0       0       0       0       0       0       0
   535 ;;      Totals:         0       0       0       0       0       0       0       0       0       0       0       0       
      +0       0       0       0       0       0       0       0       0       0       0       0       0       0       0       
      +0       0       0       0       0       0       0
   536 ;;Total ram usage:        0 bytes
   537 ;; Hardware stack levels used:    1
   538 ;; This function calls:
   539 ;;		Nothing
   540 ;; This function is called by:
   541 ;;		_main
   542 ;; This function uses a non-reentrant model
   543 ;;
   544                           
   545                           	psect	text5
   546  01FEAA                     __ptext5:
   547                           	callstack 0
   548  01FEAA                     _SysTickSetup:
   549                           	callstack 127
   550  01FEAA                     
   551                           ;encm369_pic18.c: 116:   G_u32SystemTime1ms = 0;
   552  01FEAA  0E00               	movlw	0
   553  01FEAC  6E09               	movwf	_G_u32SystemTime1ms^(0+1280),c	;volatile
   554  01FEAE  0E00               	movlw	0
   555  01FEB0  6E0A               	movwf	(_G_u32SystemTime1ms+1)^(0+1280),c	;volatile
   556  01FEB2  0E00               	movlw	0
   557  01FEB4  6E0B               	movwf	(_G_u32SystemTime1ms+2)^(0+1280),c	;volatile
   558  01FEB6  0E00               	movlw	0
   559  01FEB8  6E0C               	movwf	(_G_u32SystemTime1ms+3)^(0+1280),c	;volatile
   560                           
   561                           ;encm369_pic18.c: 117:   G_u32SystemTime1s = 0;
   562  01FEBA  0E00               	movlw	0
   563  01FEBC  6E05               	movwf	_G_u32SystemTime1s^(0+1280),c	;volatile
   564  01FEBE  0E00               	movlw	0
   565  01FEC0  6E06               	movwf	(_G_u32SystemTime1s+1)^(0+1280),c	;volatile
   566  01FEC2  0E00               	movlw	0
   567  01FEC4  6E07               	movwf	(_G_u32SystemTime1s+2)^(0+1280),c	;volatile
   568  01FEC6  0E00               	movlw	0
   569  01FEC8  6E08               	movwf	(_G_u32SystemTime1s+3)^(0+1280),c	;volatile
   570  01FECA  0012               	return		;funcret
   571  01FECC                     __end_of_SysTickSetup:
   572                           	callstack 0
   573                           
   574 ;; *************** function _GpioSetup *****************
   575 ;; Defined at:
   576 ;;		line 89 in file "encm369_pic18.c"
   577 ;; Parameters:    Size  Location     Type
   578 ;;		None
   579 ;; Auto vars:     Size  Location     Type
   580 ;;		None
   581 ;; Return value:  Size  Location     Type
   582 ;;                  1    wreg      void 
   583 ;; Registers used:
   584 ;;		wreg, status,2
   585 ;; Tracked objects:
   586 ;;		On entry : 0/0
   587 ;;		On exit  : 0/0
   588 ;;		Unchanged: 0/0
   589 ;; Data sizes:     COMRAM   BANK5   BANK6   BANK7   BANK8   BANK9  BANK10  BANK11  BANK12  BANK13  BANK14  BANK15  BANK1
      +6  BANK17  BANK18  BANK19  BANK20  BANK21  BANK22  BANK23  BANK24  BANK25  BANK26  BANK27  BANK28  BANK29  BANK30  BANK3
      +1  BANK32  BANK33  BANK34  BANK35  BANK36  BANK37
   590 ;;      Params:         0       0       0       0       0       0       0       0       0       0       0       0       
      +0       0       0       0       0       0       0       0       0       0       0       0       0       0       0       
      +0       0       0       0       0       0       0
   591 ;;      Locals:         0       0       0       0       0       0       0       0       0       0       0       0       
      +0       0       0       0       0       0       0       0       0       0       0       0       0       0       0       
      +0       0       0       0       0       0       0
   592 ;;      Temps:          0       0       0       0       0       0       0       0       0       0       0       0       
      +0       0       0       0       0       0       0       0       0       0       0       0       0       0       0       
      +0       0       0       0       0       0       0
   593 ;;      Totals:         0       0       0       0       0       0       0       0       0       0       0       0       
      +0       0       0       0       0       0       0       0       0       0       0       0       0       0       0       
      +0       0       0       0       0       0       0
   594 ;;Total ram usage:        0 bytes
   595 ;; Hardware stack levels used:    1
   596 ;; This function calls:
   597 ;;		Nothing
   598 ;; This function is called by:
   599 ;;		_main
   600 ;; This function uses a non-reentrant model
   601 ;;
   602                           
   603                           	psect	text6
   604  01FE94                     __ptext6:
   605                           	callstack 0
   606  01FE94                     _GpioSetup:
   607                           	callstack 127
   608  01FE94                     
   609                           ;encm369_pic18.c: 92:     TRISA = 0x00;
   610  01FE94  0E00               	movlw	0
   611  01FE96  6EC6               	movwf	198,c	;volatile
   612                           
   613                           ;encm369_pic18.c: 93:     ANSELA = 0x00;
   614  01FE98  0E00               	movlw	0
   615  01FE9A  0104               	movlb	4	; () banked
   616  01FE9C  6F00               	movwf	0,b	;volatile
   617                           
   618                           ;encm369_pic18.c: 96:     DAC1CON = 0xA0;
   619  01FE9E  0EA0               	movlw	160
   620  01FEA0  0100               	movlb	0	; () banked
   621  01FEA2  6F7F               	movwf	127,b	;volatile
   622                           
   623                           ;encm369_pic18.c: 97:     DAC1DATL = 0;
   624  01FEA4  0E00               	movlw	0
   625  01FEA6  6F7D               	movwf	125,b	;volatile
   626  01FEA8                     
   627                           ; BSR set to: 0
   628  01FEA8  0012               	return		;funcret
   629  01FEAA                     __end_of_GpioSetup:
   630                           	callstack 0
   631                           
   632 ;; *************** function _ClockSetup *****************
   633 ;; Defined at:
   634 ;;		line 70 in file "encm369_pic18.c"
   635 ;; Parameters:    Size  Location     Type
   636 ;;		None
   637 ;; Auto vars:     Size  Location     Type
   638 ;;		None
   639 ;; Return value:  Size  Location     Type
   640 ;;                  1    wreg      void 
   641 ;; Registers used:
   642 ;;		None
   643 ;; Tracked objects:
   644 ;;		On entry : 0/0
   645 ;;		On exit  : 0/0
   646 ;;		Unchanged: 0/0
   647 ;; Data sizes:     COMRAM   BANK5   BANK6   BANK7   BANK8   BANK9  BANK10  BANK11  BANK12  BANK13  BANK14  BANK15  BANK1
      +6  BANK17  BANK18  BANK19  BANK20  BANK21  BANK22  BANK23  BANK24  BANK25  BANK26  BANK27  BANK28  BANK29  BANK30  BANK3
      +1  BANK32  BANK33  BANK34  BANK35  BANK36  BANK37
   648 ;;      Params:         0       0       0       0       0       0       0       0       0       0       0       0       
      +0       0       0       0       0       0       0       0       0       0       0       0       0       0       0       
      +0       0       0       0       0       0       0
   649 ;;      Locals:         0       0       0       0       0       0       0       0       0       0       0       0       
      +0       0       0       0       0       0       0       0       0       0       0       0       0       0       0       
      +0       0       0       0       0       0       0
   650 ;;      Temps:          0       0       0       0       0       0       0       0       0       0       0       0       
      +0       0       0       0       0       0       0       0       0       0       0       0       0       0       0       
      +0       0       0       0       0       0       0
   651 ;;      Totals:         0       0       0       0       0       0       0       0       0       0       0       0       
      +0       0       0       0       0       0       0       0       0       0       0       0       0       0       0       
      +0       0       0       0       0       0       0
   652 ;;Total ram usage:        0 bytes
   653 ;; Hardware stack levels used:    1
   654 ;; This function calls:
   655 ;;		Nothing
   656 ;; This function is called by:
   657 ;;		_main
   658 ;; This function uses a non-reentrant model
   659 ;;
   660                           
   661                           	psect	text7
   662  01FE84                     __ptext7:
   663                           	callstack 0
   664  01FE84                     _ClockSetup:
   665                           	callstack 127
   666  01FE84  0012               	return		;funcret
   667  01FE86                     __end_of_ClockSetup:
   668                           	callstack 0
   669  0000                     
   670                           	psect	rparam
   671  0000                     
   672                           	psect	idloc
   673                           
   674                           ;Config register IDLOC0 @ 0x200000
   675                           ;	unspecified, using default values
   676  200000                     	org	2097152
   677  200000  0FFF               	dw	4095
   678                           
   679                           ;Config register IDLOC1 @ 0x200002
   680                           ;	unspecified, using default values
   681  200002                     	org	2097154
   682  200002  0FFF               	dw	4095
   683                           
   684                           ;Config register IDLOC2 @ 0x200004
   685                           ;	unspecified, using default values
   686  200004                     	org	2097156
   687  200004  0FFF               	dw	4095
   688                           
   689                           ;Config register IDLOC3 @ 0x200006
   690                           ;	unspecified, using default values
   691  200006                     	org	2097158
   692  200006  0FFF               	dw	4095
   693                           
   694                           ;Config register IDLOC4 @ 0x200008
   695                           ;	unspecified, using default values
   696  200008                     	org	2097160
   697  200008  0FFF               	dw	4095
   698                           
   699                           ;Config register IDLOC5 @ 0x20000A
   700                           ;	unspecified, using default values
   701  20000A                     	org	2097162
   702  20000A  0FFF               	dw	4095
   703                           
   704                           ;Config register IDLOC6 @ 0x20000C
   705                           ;	unspecified, using default values
   706  20000C                     	org	2097164
   707  20000C  0FFF               	dw	4095
   708                           
   709                           ;Config register IDLOC7 @ 0x20000E
   710                           ;	unspecified, using default values
   711  20000E                     	org	2097166
   712  20000E  0FFF               	dw	4095
   713                           
   714                           ;Config register IDLOC8 @ 0x200010
   715                           ;	unspecified, using default values
   716  200010                     	org	2097168
   717  200010  0FFF               	dw	4095
   718                           
   719                           ;Config register IDLOC9 @ 0x200012
   720                           ;	unspecified, using default values
   721  200012                     	org	2097170
   722  200012  0FFF               	dw	4095
   723                           
   724                           ;Config register IDLOC10 @ 0x200014
   725                           ;	unspecified, using default values
   726  200014                     	org	2097172
   727  200014  0FFF               	dw	4095
   728                           
   729                           ;Config register IDLOC11 @ 0x200016
   730                           ;	unspecified, using default values
   731  200016                     	org	2097174
   732  200016  0FFF               	dw	4095
   733                           
   734                           ;Config register IDLOC12 @ 0x200018
   735                           ;	unspecified, using default values
   736  200018                     	org	2097176
   737  200018  0FFF               	dw	4095
   738                           
   739                           ;Config register IDLOC13 @ 0x20001A
   740                           ;	unspecified, using default values
   741  20001A                     	org	2097178
   742  20001A  0FFF               	dw	4095
   743                           
   744                           ;Config register IDLOC14 @ 0x20001C
   745                           ;	unspecified, using default values
   746  20001C                     	org	2097180
   747  20001C  0FFF               	dw	4095
   748                           
   749                           ;Config register IDLOC15 @ 0x20001E
   750                           ;	unspecified, using default values
   751  20001E                     	org	2097182
   752  20001E  0FFF               	dw	4095
   753                           
   754                           	psect	config
   755                           
   756                           ;Config register CONFIG1 @ 0x300000
   757                           ;	External Oscillator Selection
   758                           ;	FEXTOSC = OFF, Oscillator not enabled
   759                           ;	Reset Oscillator Selection
   760                           ;	RSTOSC = HFINTOSC_64MHZ, HFINTOSC with HFFRQ = 64 MHz and CDIV = 1:1
   761  300000                     	org	3145728
   762  300000  8C                 	db	140
   763                           
   764                           ;Config register CONFIG2 @ 0x300001
   765                           ;	Clock out Enable bit
   766                           ;	CLKOUTEN = ON, CLKOUT function is enabled
   767                           ;	PRLOCKED One-Way Set Enable bit
   768                           ;	PR1WAY = ON, PRLOCKED bit can be cleared and set only once
   769                           ;	Clock Switch Enable bit
   770                           ;	CSWEN = ON, Writing to NOSC and NDIV is allowed
   771                           ;	Fail-Safe Clock Monitor Enable bit
   772                           ;	FCMEN = ON, Fail-Safe Clock Monitor enabled
   773  300001                     	org	3145729
   774  300001  FE                 	db	254
   775                           
   776                           ;Config register CONFIG3 @ 0x300002
   777                           ;	MCLR Enable bit
   778                           ;	MCLRE = EXTMCLR, If LVP = 0, MCLR pin is MCLR; If LVP = 1, RE3 pin function is MCLR
   779                           ;	Power-up timer selection bits
   780                           ;	PWRTS = PWRT_OFF, PWRT is disabled
   781                           ;	Multi-vector enable bit
   782                           ;	MVECEN = ON, Multi-vector enabled, Vector table used for interrupts
   783                           ;	IVTLOCK bit One-way set enable bit
   784                           ;	IVT1WAY = ON, IVTLOCKED bit can be cleared and set only once
   785                           ;	Low Power BOR Enable bit
   786                           ;	LPBOREN = OFF, Low-Power BOR disabled
   787                           ;	Brown-out Reset Enable bits
   788                           ;	BOREN = SBORDIS, Brown-out Reset enabled , SBOREN bit is ignored
   789  300002                     	org	3145730
   790  300002  FF                 	db	255
   791                           
   792                           ;Config register CONFIG4 @ 0x300003
   793                           ;	Brown-out Reset Voltage Selection bits
   794                           ;	BORV = VBOR_2P85, Brown-out Reset Voltage (VBOR) set to 2.8V
   795                           ;	ZCD Disable bit
   796                           ;	ZCD = OFF, ZCD module is disabled. ZCD can be enabled by setting the ZCDSEN bit of ZCD
      +                          CON
   797                           ;	PPSLOCK bit One-Way Set Enable bit
   798                           ;	PPS1WAY = ON, PPSLOCKED bit can be cleared and set only once; PPS registers remain loc
      +                          ked after one clear/set cycle
   799                           ;	Stack Full/Underflow Reset Enable bit
   800                           ;	STVREN = ON, Stack full/underflow will cause Reset
   801                           ;	Low Voltage Programming Enable bit
   802                           ;	LVP = ON, Low voltage programming enabled. MCLR/VPP pin function is MCLR. MCLRE config
      +                          uration bit is ignored
   803                           ;	Extended Instruction Set Enable bit
   804                           ;	XINST = OFF, Extended Instruction Set and Indexed Addressing Mode disabled
   805  300003                     	org	3145731
   806  300003  FC                 	db	252
   807                           
   808                           ;Config register CONFIG5 @ 0x300004
   809                           ;	WDT Period selection bits
   810                           ;	WDTCPS = WDTCPS_31, Divider ratio 1:65536; software control of WDTPS
   811                           ;	WDT operating mode
   812                           ;	WDTE = OFF, WDT Disabled; SWDTEN is ignored
   813  300004                     	org	3145732
   814  300004  9F                 	db	159
   815                           
   816                           ;Config register CONFIG6 @ 0x300005
   817                           ;	WDT Window Select bits
   818                           ;	WDTCWS = WDTCWS_7, window always open (100%); software control; keyed access not requi
      +                          red
   819                           ;	WDT input clock selector
   820                           ;	WDTCCS = SC, Software Control
   821  300005                     	org	3145733
   822  300005  FF                 	db	255
   823                           
   824                           ;Config register CONFIG7 @ 0x300006
   825                           ;	Boot Block Size selection bits
   826                           ;	BBSIZE = BBSIZE_512, Boot Block size is 512 words
   827                           ;	Boot Block enable bit
   828                           ;	BBEN = OFF, Boot block disabled
   829                           ;	Storage Area Flash enable bit
   830                           ;	SAFEN = OFF, SAF disabled
   831                           ;	Background Debugger
   832                           ;	DEBUG = OFF, Background Debugger disabled
   833  300006                     	org	3145734
   834  300006  FF                 	db	255
   835                           
   836                           ;Config register CONFIG8 @ 0x300007
   837                           ;	Boot Block Write Protection bit
   838                           ;	WRTB = OFF, Boot Block not Write protected
   839                           ;	Configuration Register Write Protection bit
   840                           ;	WRTC = OFF, Configuration registers not Write protected
   841                           ;	Data EEPROM Write Protection bit
   842                           ;	WRTD = OFF, Data EEPROM not Write protected
   843                           ;	SAF Write protection bit
   844                           ;	WRTSAF = OFF, SAF not Write Protected
   845                           ;	Application Block write protection bit
   846                           ;	WRTAPP = OFF, Application Block not write protected
   847  300007                     	org	3145735
   848  300007  FF                 	db	255
   849                           
   850                           ; Padding undefined space
   851  300008                     	org	3145736
   852  300008  FF                 	db	255
   853                           
   854                           ;Config register CONFIG10 @ 0x300009
   855                           ;	PFM and Data EEPROM Code Protection bit
   856                           ;	CP = OFF, PFM and Data EEPROM code protection disabled
   857  300009                     	org	3145737
   858  300009  FF                 	db	255
   859                           tosu	equ	0x4FF
   860                           tosh	equ	0x4FE
   861                           tosl	equ	0x4FD
   862                           stkptr	equ	0x4FC
   863                           pclatu	equ	0x4FB
   864                           pclath	equ	0x4FA
   865                           pcl	equ	0x4F9
   866                           tblptru	equ	0x4F8
   867                           tblptrh	equ	0x4F7
   868                           tblptrl	equ	0x4F6
   869                           tablat	equ	0x4F5
   870                           prodh	equ	0x4F4
   871                           prodl	equ	0x4F3
   872                           indf0	equ	0x4EF
   873                           postinc0	equ	0x4EE
   874                           postdec0	equ	0x4ED
   875                           preinc0	equ	0x4EC
   876                           plusw0	equ	0x4EB
   877                           fsr0h	equ	0x4EA
   878                           fsr0l	equ	0x4E9
   879                           wreg	equ	0x4E8
   880                           indf1	equ	0x4E7
   881                           postinc1	equ	0x4E6
   882                           postdec1	equ	0x4E5
   883                           preinc1	equ	0x4E4
   884                           plusw1	equ	0x4E3
   885                           fsr1h	equ	0x4E2
   886                           fsr1l	equ	0x4E1
   887                           bsr	equ	0x4E0
   888                           indf2	equ	0x4DF
   889                           postinc2	equ	0x4DE
   890                           postdec2	equ	0x4DD
   891                           preinc2	equ	0x4DC
   892                           plusw2	equ	0x4DB
   893                           fsr2h	equ	0x4DA
   894                           fsr2l	equ	0x4D9
   895                           status	equ	0x4D8

Data Sizes:
    Strings     0
    Constant    0
    Data        1
    BSS         13
    Persistent  0
    Stack       0

Auto Spaces:
    Space          Size  Autos    Used
    COMRAM           95      6      20
    BANK5           160      0       0
    BANK6           256      0       0
    BANK7           256      0       0
    BANK8           256      0       0
    BANK9           256      0       0
    BANK10          256      0       0
    BANK11          256      0       0
    BANK12          256      0       0
    BANK13          256      0       0
    BANK14          256      0       0
    BANK15          256      0       0
    BANK16          256      0       0
    BANK17          256      0       0
    BANK18          256      0       0
    BANK19          256      0       0
    BANK20          256      0       0
    BANK21          256      0       0
    BANK22          256      0       0
    BANK23          256      0       0
    BANK24          256      0       0
    BANK25          256      0       0
    BANK26          256      0       0
    BANK27          256      0       0
    BANK28          256      0       0
    BANK29          256      0       0
    BANK30          256      0       0
    BANK31          256      0       0
    BANK32          256      0       0
    BANK33          256      0       0
    BANK34          256      0       0
    BANK35          256      0       0
    BANK36          256      0       0
    BANK37          256      0       0

Pointer List with Targets:

    None.

Critical Paths under _main in COMRAM

    _UserAppRun->___awmod

Critical Paths under _main in BANK5

    None.

Critical Paths under _main in BANK6

    None.

Critical Paths under _main in BANK7

    None.

Critical Paths under _main in BANK8

    None.

Critical Paths under _main in BANK9

    None.

Critical Paths under _main in BANK10

    None.

Critical Paths under _main in BANK11

    None.

Critical Paths under _main in BANK12

    None.

Critical Paths under _main in BANK13

    None.

Critical Paths under _main in BANK14

    None.

Critical Paths under _main in BANK15

    None.

Critical Paths under _main in BANK16

    None.

Critical Paths under _main in BANK17

    None.

Critical Paths under _main in BANK18

    None.

Critical Paths under _main in BANK19

    None.

Critical Paths under _main in BANK20

    None.

Critical Paths under _main in BANK21

    None.

Critical Paths under _main in BANK22

    None.

Critical Paths under _main in BANK23

    None.

Critical Paths under _main in BANK24

    None.

Critical Paths under _main in BANK25

    None.

Critical Paths under _main in BANK26

    None.

Critical Paths under _main in BANK27

    None.

Critical Paths under _main in BANK28

    None.

Critical Paths under _main in BANK29

    None.

Critical Paths under _main in BANK30

    None.

Critical Paths under _main in BANK31

    None.

Critical Paths under _main in BANK32

    None.

Critical Paths under _main in BANK33

    None.

Critical Paths under _main in BANK34

    None.

Critical Paths under _main in BANK35

    None.

Critical Paths under _main in BANK36

    None.

Critical Paths under _main in BANK37

    None.

Call Graph Tables:

 ---------------------------------------------------------------------------------
 (Depth) Function   	        Calls       Base Space   Used Autos Params    Refs
 ---------------------------------------------------------------------------------
 (0) _main                                                 0     0      0     448
                         _ClockSetup
                          _GpioSetup
                       _SysTickSetup
                        _SystemSleep
                  _UserAppInitialize
                         _UserAppRun
 ---------------------------------------------------------------------------------
 (1) _UserAppRun                                           0     0      0     448
                            ___awmod
 ---------------------------------------------------------------------------------
 (2) ___awmod                                              6     2      4     448
                                              0 COMRAM     6     2      4
 ---------------------------------------------------------------------------------
 (1) _UserAppInitialize                                    0     0      0       0
 ---------------------------------------------------------------------------------
 (1) _SystemSleep                                          0     0      0       0
 ---------------------------------------------------------------------------------
 (1) _SysTickSetup                                         0     0      0       0
 ---------------------------------------------------------------------------------
 (1) _GpioSetup                                            0     0      0       0
 ---------------------------------------------------------------------------------
 (1) _ClockSetup                                           0     0      0       0
 ---------------------------------------------------------------------------------
 Estimated maximum stack depth 2
 ---------------------------------------------------------------------------------

 Call Graph Graphs:

 _main (ROOT)
   _ClockSetup
   _GpioSetup
   _SysTickSetup
   _SystemSleep
   _UserAppInitialize
   _UserAppRun
     ___awmod

 Address spaces:
Name               Size   Autos  Total    Cost      Usage
BIGRAM            20FF      0       0      71        0.0%
EEDATA             400      0       0       0        0.0%
BITBANK37          100      0       0      70        0.0%
BANK37             100      0       0      68        0.0%
BITBANK36          100      0       0      66        0.0%
BANK36             100      0       0      67        0.0%
BITBANK35          100      0       0      64        0.0%
BANK35             100      0       0      65        0.0%
BITBANK34          100      0       0      62        0.0%
BANK34             100      0       0      63        0.0%
BITBANK33          100      0       0      60        0.0%
BANK33             100      0       0      61        0.0%
BITBANK32          100      0       0      58        0.0%
BANK32             100      0       0      59        0.0%
BITBANK31          100      0       0      56        0.0%
BANK31             100      0       0      57        0.0%
BITBANK30          100      0       0      54        0.0%
BANK30             100      0       0      55        0.0%
BITBANK29          100      0       0      52        0.0%
BANK29             100      0       0      53        0.0%
BITBANK28          100      0       0      50        0.0%
BANK28             100      0       0      51        0.0%
BITBANK27          100      0       0      48        0.0%
BANK27             100      0       0      49        0.0%
BITBANK26          100      0       0      46        0.0%
BANK26             100      0       0      47        0.0%
BITBANK25          100      0       0      44        0.0%
BANK25             100      0       0      45        0.0%
BITBANK24          100      0       0      42        0.0%
BANK24             100      0       0      43        0.0%
BITBANK23          100      0       0      40        0.0%
BANK23             100      0       0      41        0.0%
BITBANK22          100      0       0      38        0.0%
BANK22             100      0       0      39        0.0%
BITBANK21          100      0       0      36        0.0%
BANK21             100      0       0      37        0.0%
BITBANK20          100      0       0      34        0.0%
BANK20             100      0       0      35        0.0%
BITBANK19          100      0       0      32        0.0%
BANK19             100      0       0      33        0.0%
BITBANK18          100      0       0      30        0.0%
BANK18             100      0       0      31        0.0%
BITBANK17          100      0       0      28        0.0%
BANK17             100      0       0      29        0.0%
BITBANK16          100      0       0      26        0.0%
BANK16             100      0       0      27        0.0%
BITBANK15          100      0       0      24        0.0%
BANK15             100      0       0      25        0.0%
BITBANK14          100      0       0      22        0.0%
BANK14             100      0       0      23        0.0%
BITBANK13          100      0       0      20        0.0%
BANK13             100      0       0      21        0.0%
BITBANK12          100      0       0      18        0.0%
BANK12             100      0       0      19        0.0%
BITBANK11          100      0       0      16        0.0%
BANK11             100      0       0      17        0.0%
BITBANK10          100      0       0      14        0.0%
BANK10             100      0       0      15        0.0%
BITBANK9           100      0       0      12        0.0%
BANK9              100      0       0      13        0.0%
BITBANK8           100      0       0      10        0.0%
BANK8              100      0       0      11        0.0%
BITBANK7           100      0       0       8        0.0%
BANK7              100      0       0       9        0.0%
BITBANK6           100      0       0       6        0.0%
BANK6              100      0       0       7        0.0%
BITBANK5            A0      0       0       4        0.0%
BANK5               A0      0       0       5        0.0%
BITCOMRAM           5F      0       0       0        0.0%
COMRAM              5F      6      14       1       21.1%
BITSFR_5             0      0       0     200        0.0%
SFR_5                0      0       0     200        0.0%
BITSFR_4             0      0       0     200        0.0%
SFR_4                0      0       0     200        0.0%
BITSFR_3             0      0       0     200        0.0%
SFR_3                0      0       0     200        0.0%
BITSFR_2             0      0       0     200        0.0%
SFR_2                0      0       0     200        0.0%
BITSFR_1             0      0       0     200        0.0%
SFR_1                0      0       0     200        0.0%
BITSFR               0      0       0     200        0.0%
SFR                  0      0       0     200        0.0%
STACK                0      0       0       2        0.0%
NULL                 0      0       0       0        0.0%
ABS                  0      0      14      69        0.0%
DATA                 0      0      14       3        0.0%
CODE                 0      0       0       0        0.0%


Microchip Technology PIC18 Macro Assembler V2.31 build 20201012212115 
Symbol Table                                                                                   Mon Mar 08 12:08:03 2021

     __size_of_SysTickSetup 0022                          l21 FECA                          l15 FE84  
                        l24 FE86                          l18 FEA8                          l72 FE92  
                        l78 FF4A                          u80 FF5E                          u81 FF5A  
                        u90 FF78                          u91 FF74                         l325 FFFA  
                       l830 FF5E                         l840 FF92                         l832 FF66  
                       l850 FFCE                         l842 FF9A                         l834 FF6A  
                       l826 FF4C                         l852 FFD4                         l844 FFA2  
                       l836 FF78                         l828 FF50                         l790 FE94  
                       l862 FEAA                         l846 FFB0                         l854 FFDA  
                       l838 FF80                         l870 FECC                         l856 FFEA  
                       l848 FFC6                         l864 FF18                         l880 FEDE  
                       l872 FECE                         l794 FE88                         l858 FFF2  
                       l866 FF1E                         l882 FEE2                         l874 FED2  
                       l868 FF42                         l884 FEE4                         l876 FED6  
                       l886 FEE8                         l878 FEDA                         u100 FF92  
                       u101 FF8E                         u110 FFB0                         u111 FFAC  
                       u120 FFC6                         u121 FFC2                         u130 FFEA  
                       u131 FFE6                         u140 FF42                         u141 FF3E  
              ___awmod@sign 0513                         wreg 0004E8                        _LATA 0004BE  
                      _PIR3 0004B1                        _main FECC                _SysTickSetup FEAA  
                      prodl 0004F3                        start FFFC        __size_of_SystemSleep 0002  
              ___param_bank 000000                  _ClockSetup FE84                       ?_main 050E  
           __end_of___awmod FFFC                       _TMR0H 000319                       _TMR0L 000318  
                     _TRISA 0004C6                       tablat 0004F5                       status 0004D8  
           __initialization FEF2                __end_of_main FEF2                      ??_main 0514  
             __activetblptr 000000                      _ANSELA 000400                      _T0CON0 00031A  
                    _T0CON1 00031B          __size_of_GpioSetup 0016                   ??___awmod 0512  
               ?_ClockSetup 050E                      clear_0 FF0C             ___awmod@divisor 0510  
           ___awmod@counter 0512                __pdataCOMRAM 0514                      tblptrh 0004F7  
                    tblptrl 0004F6                      tblptru 0004F8                  _UserAppRun FF18  
                __accesstop 0560     __end_of__initialization FF12               ___rparam_used 000001  
          _G_u8UserAppFlags 050D              __pcstackCOMRAM 050E           __end_of_GpioSetup FEAA  
       __size_of_ClockSetup 0002                     _DAC1CON 00007F                 ?_UserAppRun 050E  
             ??_SystemSleep 050E                     __Hparam 0000                     __Lparam 0000  
                   ___awmod FF4C                     __pcinit FEF2                     __ramtop 2600  
                   __ptext0 FECC                     __ptext1 FF18                     __ptext2 FF4C  
                   __ptext3 FE88                     __ptext4 FE86                     __ptext5 FEAA  
                   __ptext6 FE94                     __ptext7 FE84             UserAppRun@u8Add 0514  
          ___awmod@dividend 050E        end_of_initialization FF12            _G_u32SystemFlags 0501  
                   postinc0 0004EE         __end_of_SystemSleep FE88                ??_ClockSetup 050E  
       __size_of_UserAppRun 0034          __end_of_ClockSetup FE86               __pidataCOMRAM FE83  
                 _GpioSetup FE94         start_initialization FEF2               ?_SysTickSetup 050E  
               _SystemSleep FE86                  ?_GpioSetup 050E                 __pbssCOMRAM 0501  
         _UserAppInitialize FE88                ??_UserAppRun 0514          ?_UserAppInitialize 050E  
            ??_SysTickSetup 050E         ??_UserAppInitialize 050E                    ?___awmod 050E  
        __end_of_UserAppRun FF4C                    _DAC1DATL 00007D   __end_of_UserAppInitialize FE94  
               ??_GpioSetup 050E                    __Hrparam 0000                    __Lrparam 0000  
          __size_of___awmod 00B0        __end_of_SysTickSetup FECC  __size_of_UserAppInitialize 000C  
             __size_of_main 0026                ?_SystemSleep 050E          _G_u32SystemTime1ms 0509  
         _G_u32SystemTime1s 0505  
